Performing C SOURCE FILE Test CMAKE_HAVE_LIBC_PTHREAD failed with the following output:
Change Dir: /home/dawson/Documents/Repos/os2r-superbuild/build/src/shared_memory/CMakeFiles/CMakeTmp

Run Build Command(s):/usr/bin/make -f Makefile cmTC_ca534/fast && make[3]: Entering directory '/home/dawson/Documents/Repos/os2r-superbuild/build/src/shared_memory/CMakeFiles/CMakeTmp'
/usr/bin/make  -f CMakeFiles/cmTC_ca534.dir/build.make CMakeFiles/cmTC_ca534.dir/build
make[4]: Entering directory '/home/dawson/Documents/Repos/os2r-superbuild/build/src/shared_memory/CMakeFiles/CMakeTmp'
Building C object CMakeFiles/cmTC_ca534.dir/src.c.o
/usr/bin/cc -DCMAKE_HAVE_LIBC_PTHREAD   -o CMakeFiles/cmTC_ca534.dir/src.c.o -c /home/dawson/Documents/Repos/os2r-superbuild/build/src/shared_memory/CMakeFiles/CMakeTmp/src.c
Linking C executable cmTC_ca534
/home/dawson/.local/lib/python3.8/site-packages/cmake/data/bin/cmake -E cmake_link_script CMakeFiles/cmTC_ca534.dir/link.txt --verbose=1
/usr/bin/cc -rdynamic CMakeFiles/cmTC_ca534.dir/src.c.o -o cmTC_ca534 
/usr/bin/ld: CMakeFiles/cmTC_ca534.dir/src.c.o: in function `main':
src.c:(.text+0x46): undefined reference to `pthread_create'
/usr/bin/ld: src.c:(.text+0x52): undefined reference to `pthread_detach'
/usr/bin/ld: src.c:(.text+0x5e): undefined reference to `pthread_cancel'
/usr/bin/ld: src.c:(.text+0x6f): undefined reference to `pthread_join'
collect2: error: ld returned 1 exit status
make[4]: *** [CMakeFiles/cmTC_ca534.dir/build.make:99: cmTC_ca534] Error 1
make[4]: Leaving directory '/home/dawson/Documents/Repos/os2r-superbuild/build/src/shared_memory/CMakeFiles/CMakeTmp'
make[3]: *** [Makefile:127: cmTC_ca534/fast] Error 2
make[3]: Leaving directory '/home/dawson/Documents/Repos/os2r-superbuild/build/src/shared_memory/CMakeFiles/CMakeTmp'


Source file was:
#include <pthread.h>

static void* test_func(void* data)
{
  return data;
}

int main(void)
{
  pthread_t thread;
  pthread_create(&thread, NULL, test_func, NULL);
  pthread_detach(thread);
  pthread_cancel(thread);
  pthread_join(thread, NULL);
  pthread_atfork(NULL, NULL, NULL);
  pthread_exit(NULL);

  return 0;
}

Determining if the function pthread_create exists in the pthreads failed with the following output:
Change Dir: /home/dawson/Documents/Repos/os2r-superbuild/build/src/shared_memory/CMakeFiles/CMakeTmp

Run Build Command(s):/usr/bin/make -f Makefile cmTC_f9219/fast && make[3]: Entering directory '/home/dawson/Documents/Repos/os2r-superbuild/build/src/shared_memory/CMakeFiles/CMakeTmp'
/usr/bin/make  -f CMakeFiles/cmTC_f9219.dir/build.make CMakeFiles/cmTC_f9219.dir/build
make[4]: Entering directory '/home/dawson/Documents/Repos/os2r-superbuild/build/src/shared_memory/CMakeFiles/CMakeTmp'
Building C object CMakeFiles/cmTC_f9219.dir/CheckFunctionExists.c.o
/usr/bin/cc   -DCHECK_FUNCTION_EXISTS=pthread_create -std=gnu99 -o CMakeFiles/cmTC_f9219.dir/CheckFunctionExists.c.o -c /home/dawson/.local/lib/python3.8/site-packages/cmake/data/share/cmake-3.22/Modules/CheckFunctionExists.c
Linking C executable cmTC_f9219
/home/dawson/.local/lib/python3.8/site-packages/cmake/data/bin/cmake -E cmake_link_script CMakeFiles/cmTC_f9219.dir/link.txt --verbose=1
/usr/bin/cc  -DCHECK_FUNCTION_EXISTS=pthread_create CMakeFiles/cmTC_f9219.dir/CheckFunctionExists.c.o -o cmTC_f9219  -lpthreads 
/usr/bin/ld: cannot find -lpthreads
collect2: error: ld returned 1 exit status
make[4]: *** [CMakeFiles/cmTC_f9219.dir/build.make:99: cmTC_f9219] Error 1
make[4]: Leaving directory '/home/dawson/Documents/Repos/os2r-superbuild/build/src/shared_memory/CMakeFiles/CMakeTmp'
make[3]: *** [Makefile:127: cmTC_f9219/fast] Error 2
make[3]: Leaving directory '/home/dawson/Documents/Repos/os2r-superbuild/build/src/shared_memory/CMakeFiles/CMakeTmp'



